#
# There is insufficient memory for the Java Runtime Environment to continue.
# Native memory allocation (mmap) failed to map 268435456 bytes for Failed to commit area from 0x00000006c0c00000 to 0x00000006d0c00000 of length 268435456.
# Possible reasons:
#   The system is out of physical RAM or swap space
#   The process is running with CompressedOops enabled, and the Java Heap may be blocking the growth of the native heap
# Possible solutions:
#   Reduce memory load on the system
#   Increase physical memory or swap space
#   Check if swap backing store is full
#   Decrease Java heap size (-Xmx/-Xms)
#   Decrease number of Java threads
#   Decrease Java thread stack sizes (-Xss)
#   Set larger code cache with -XX:ReservedCodeCacheSize=
# This output file may be truncated or incomplete.
#
#  Out of Memory Error (t:/workspace/open/src/hotspot/os/windows/os_windows.cpp:3269), pid=39728, tid=39140
#
# JRE version:  (11.0+28) (build )
# Java VM: OpenJDK 64-Bit Server VM (11+28, mixed mode, aot, tiered, compressed oops, g1 gc, windows-amd64)
# No core dump will be written. Minidumps are not enabled by default on client versions of Windows
#

---------------  S U M M A R Y ------------

Command Line: -ea -Didea.test.cyclic.buffer.size=1048576 -javaagent:C:\Program Files\JetBrains\IntelliJ IDEA 2021.1.3\lib\idea_rt.jar=63346:C:\Program Files\JetBrains\IntelliJ IDEA 2021.1.3\bin --patch-module=edu.fiuba.algo3=T:/algo3/tp2_grupal/target/test-classes --add-reads=edu.fiuba.algo3=ALL-UNNAMED --add-opens=edu.fiuba.algo3/edu.fiuba.algo3.modelo=ALL-UNNAMED --add-modules=edu.fiuba.algo3 -Dfile.encoding=UTF-8 --module-path=C:\Users\Tobias\.m2\repository\org\openjfx\javafx-base\15.0.1\javafx-base-15.0.1-win.jar;C:\Users\Tobias\.m2\repository\org\openjfx\javafx-controls\15.0.1\javafx-controls-15.0.1-win.jar;C:\Users\Tobias\.m2\repository\org\openjfx\javafx-graphics\15.0.1\javafx-graphics-15.0.1-win.jar;T:\algo3\tp2_grupal\target\classes com.intellij.rt.junit.JUnitStarter -ideVersion5 -junit5 edu.fiuba.algo3.modelo.PaisTest,ataqueEntreDosPaisesSiDefensorNoPierdeTodasSusFichasNoDebeCambiarDeColor

Host: AMD Ryzen 5 1500X Quad-Core Processor          , 8 cores, 15G,  Windows 10 , 64 bit Build 19041 (10.0.19041.1023)
Time: Thu Jul 15 00:58:57 2021 Argentina Standard Time elapsed time: 0 seconds (0d 0h 0m 0s)

---------------  T H R E A D  ---------------

Current thread (0x000001ca986f9000):  JavaThread "Unknown thread" [_thread_in_vm, id=39140, stack(0x000000a63e700000,0x000000a63e800000)]

Stack: [0x000000a63e700000,0x000000a63e800000]
Native frames: (J=compiled Java code, j=interpreted, Vv=VM code, C=native code)
V  [jvm.dll+0x63adaa]
V  [jvm.dll+0x77852f]
V  [jvm.dll+0x779b18]
V  [jvm.dll+0x77a1d3]
V  [jvm.dll+0x2624c8]
V  [jvm.dll+0x63825a]
V  [jvm.dll+0x62cb15]
V  [jvm.dll+0x31563c]
V  [jvm.dll+0x3154c2]
V  [jvm.dll+0x31ad36]
V  [jvm.dll+0x36726f]
V  [jvm.dll+0x366c90]
V  [jvm.dll+0x2f2378]
V  [jvm.dll+0x2f34d6]
V  [jvm.dll+0x7517d7]
V  [jvm.dll+0x752f1f]
V  [jvm.dll+0x374099]
V  [jvm.dll+0x738059]
V  [jvm.dll+0x3e35fd]
V  [jvm.dll+0x3e5961]
C  [java.exe+0x3603]
C  [java.exe+0x1746c]
C  [KERNEL32.DLL+0x17034]
C  [ntdll.dll+0x52651]


---------------  P R O C E S S  ---------------

Threads class SMR info:
_java_thread_list=0x000001ca96d81b50, length=0, elements={
}

Java Threads: ( => current thread )

Other Threads:
  0x000001ca98712000 GCTaskThread "GC Thread#0" [stack: 0x000000a63e800000,0x000000a63e900000] [id=9176]
  0x000001ca98770000 ConcurrentGCThread "G1 Main Marker" [stack: 0x000000a63e900000,0x000000a63ea00000] [id=38268]
  0x000001ca98772000 ConcurrentGCThread "G1 Conc#0" [stack: 0x000000a63ea00000,0x000000a63eb00000] [id=32432]

[error occurred during error reporting (printing all threads), id 0xc0000005, EXCEPTION_ACCESS_VIOLATION (0xc0000005) at pc=0x00007ffdb5280d37]

VM state:not at safepoint (not fully initialized)

VM Mutex/Monitor currently owned by a thread:  ([mutex/lock_event])
[0x000001ca986f7100] Heap_lock - owner thread: 0x000001ca986f9000

Heap address: 0x00000006c0c00000, size: 4084 MB, Compressed Oops mode: Non-zero based: 0x00000006c0c00000
Narrow klass base: 0x0000000000000000, Narrow klass shift: 0

GC Heap History (0 events):
No events

Deoptimization events (0 events):
No events

Classes redefined (0 events):
No events

Internal exceptions (0 events):
No events

Events (0 events):
No events


Dynamic libraries:
0x00007ff7b3010000 - 0x00007ff7b3055000 	C:\Program Files\Java\jdk-11\bin\java.exe
0x00007ffdef410000 - 0x00007ffdef605000 	C:\WINDOWS\SYSTEM32\ntdll.dll
0x00007ffdee0b0000 - 0x00007ffdee16d000 	C:\WINDOWS\System32\KERNEL32.DLL
0x00007ffded020000 - 0x00007ffded2e8000 	C:\WINDOWS\System32\KERNELBASE.dll
0x00007ffded690000 - 0x00007ffded830000 	C:\WINDOWS\System32\USER32.dll
0x00007ffdece00000 - 0x00007ffdece22000 	C:\WINDOWS\System32\win32u.dll
0x00007ffdeed20000 - 0x00007ffdeed4a000 	C:\WINDOWS\System32\GDI32.dll
0x00007ffdecb50000 - 0x00007ffdecc5b000 	C:\WINDOWS\System32\gdi32full.dll
0x00007ffdecd60000 - 0x00007ffdecdfd000 	C:\WINDOWS\System32\msvcp_win.dll
0x00007ffdecc60000 - 0x00007ffdecd60000 	C:\WINDOWS\System32\ucrtbase.dll
0x00007ffdd9d60000 - 0x00007ffdd9ffa000 	C:\WINDOWS\WinSxS\amd64_microsoft.windows.common-controls_6595b64144ccf1df_6.0.19041.1052_none_60b8f8fd71f5e8cb\COMCTL32.dll
0x00007ffdeeeb0000 - 0x00007ffdeef4e000 	C:\WINDOWS\System32\msvcrt.dll
0x00007ffdeee20000 - 0x00007ffdeee50000 	C:\WINDOWS\System32\IMM32.DLL
0x00007ffdda8b0000 - 0x00007ffdda8c6000 	C:\Program Files\Java\jdk-11\bin\vcruntime140.dll
0x00007ffdbfdb0000 - 0x00007ffdbfe5a000 	C:\Program Files\Java\jdk-11\bin\msvcp140.dll
0x00007ffdb4f80000 - 0x00007ffdb5ac1000 	C:\Program Files\Java\jdk-11\bin\server\jvm.dll
0x00007ffdee180000 - 0x00007ffdee22c000 	C:\WINDOWS\System32\ADVAPI32.dll
0x00007ffdef2a0000 - 0x00007ffdef33b000 	C:\WINDOWS\System32\sechost.dll
0x00007ffdeeb20000 - 0x00007ffdeec4b000 	C:\WINDOWS\System32\RPCRT4.dll
0x00007ffdee170000 - 0x00007ffdee178000 	C:\WINDOWS\System32\PSAPI.DLL
0x00007ffde3350000 - 0x00007ffde335a000 	C:\WINDOWS\SYSTEM32\VERSION.dll
0x00007ffddd240000 - 0x00007ffddd249000 	C:\WINDOWS\SYSTEM32\WSOCK32.dll
0x00007ffde3320000 - 0x00007ffde3347000 	C:\WINDOWS\SYSTEM32\WINMM.dll
0x00007ffdef230000 - 0x00007ffdef29b000 	C:\WINDOWS\System32\WS2_32.dll
0x00007ffdeaa80000 - 0x00007ffdeaa92000 	C:\WINDOWS\SYSTEM32\kernel.appcore.dll
0x00007ffdce990000 - 0x00007ffdce9a1000 	C:\Program Files\Java\jdk-11\bin\verify.dll
0x00007ffde83e0000 - 0x00007ffde85c4000 	C:\WINDOWS\SYSTEM32\DBGHELP.DLL
0x00007ffde82b0000 - 0x00007ffde82dc000 	C:\WINDOWS\SYSTEM32\dbgcore.DLL
0x00007ffdecf40000 - 0x00007ffdecfc3000 	C:\WINDOWS\System32\bcryptPrimitives.dll
0x00007ffdce960000 - 0x00007ffdce988000 	C:\Program Files\Java\jdk-11\bin\java.dll
0x00007ffdce350000 - 0x00007ffdce37f000 	C:\Program Files\Java\jdk-11\bin\instrument.dll
0x00007ffdce940000 - 0x00007ffdce956000 	C:\Program Files\Java\jdk-11\bin\zip.dll
0x00007ffddd520000 - 0x00007ffddd52a000 	C:\Program Files\Java\jdk-11\bin\jimage.dll

dbghelp: loaded successfully - version: 4.0.5 - missing functions: none
symbol engine: initialized successfully - sym options: 0x614 - pdb path: .;C:\Program Files\Java\jdk-11\bin;C:\WINDOWS\SYSTEM32;C:\WINDOWS\WinSxS\amd64_microsoft.windows.common-controls_6595b64144ccf1df_6.0.19041.1052_none_60b8f8fd71f5e8cb;C:\Program Files\Java\jdk-11\bin\server

VM Arguments:
jvm_args: -ea -Didea.test.cyclic.buffer.size=1048576 -javaagent:C:\Program Files\JetBrains\IntelliJ IDEA 2021.1.3\lib\idea_rt.jar=63346:C:\Program Files\JetBrains\IntelliJ IDEA 2021.1.3\bin --patch-module=edu.fiuba.algo3=T:/algo3/tp2_grupal/target/test-classes --add-reads=edu.fiuba.algo3=ALL-UNNAMED --add-opens=edu.fiuba.algo3/edu.fiuba.algo3.modelo=ALL-UNNAMED --add-modules=edu.fiuba.algo3 -Dfile.encoding=UTF-8 --module-path=C:\Users\Tobias\.m2\repository\org\openjfx\javafx-base\15.0.1\javafx-base-15.0.1-win.jar;C:\Users\Tobias\.m2\repository\org\openjfx\javafx-controls\15.0.1\javafx-controls-15.0.1-win.jar;C:\Users\Tobias\.m2\repository\org\openjfx\javafx-graphics\15.0.1\javafx-graphics-15.0.1-win.jar;T:\algo3\tp2_grupal\target\classes 
java_command: com.intellij.rt.junit.JUnitStarter -ideVersion5 -junit5 edu.fiuba.algo3.modelo.PaisTest,ataqueEntreDosPaisesSiDefensorNoPierdeTodasSusFichasNoDebeCambiarDeColor
java_class_path (initial): C:\Program Files\JetBrains\IntelliJ IDEA 2021.1.3\lib\idea_rt.jar;C:\Users\Tobias\.m2\repository\org\junit\platform\junit-platform-launcher\1.4.0\junit-platform-launcher-1.4.0.jar;C:\Program Files\JetBrains\IntelliJ IDEA 2021.1.3\plugins\junit\lib\junit5-rt.jar;C:\Program Files\JetBrains\IntelliJ IDEA 2021.1.3\plugins\junit\lib\junit-rt.jar;T:\algo3\tp2_grupal\target\test-classes;C:\Users\Tobias\.m2\repository\org\openjfx\javafx-controls\15.0.1\javafx-controls-15.0.1.jar;C:\Users\Tobias\.m2\repository\org\openjfx\javafx-graphics\15.0.1\javafx-graphics-15.0.1.jar;C:\Users\Tobias\.m2\repository\org\openjfx\javafx-base\15.0.1\javafx-base-15.0.1.jar;C:\Users\Tobias\.m2\repository\org\junit\jupiter\junit-jupiter\5.4.0\junit-jupiter-5.4.0.jar;C:\Users\Tobias\.m2\repository\org\junit\jupiter\junit-jupiter-api\5.4.0\junit-jupiter-api-5.4.0.jar;C:\Users\Tobias\.m2\repository\org\apiguardian\apiguardian-api\1.0.0\apiguardian-api-1.0.0.jar;C:\Users\Tobias\.m2\repository\org\opentest4j\opentest4j\1.1.1\opentest4j-1.1.1.jar;C:\Users\Tobias\.m2\repository\org\junit\platform\junit-platform-commons\1.4.0\junit-platform-commons-1.4.0.jar;C:\Users\Tobias\.m2\repository\org\junit\jupiter\junit-jupiter-params\5.4.0\junit-jupiter-params-5.4.0.jar;C:\Users\Tobias\.m2\repository\org\junit\jupiter\junit-jupiter-engine\5.4.0\junit-jupiter-engine-5.4.0.jar;C:\Users\Tobias\.m2\repository\org\junit\platform\junit-platform-engine\1.4.0\junit-platform-engine-1.4.0.jar;C:\Users\Tobias\.m2\repository\org\mockito\mockito-core\3.3.0\mockito-core-3.3.0.jar;C:\Users\Tobias\.m2\repository\net\bytebuddy\byte-buddy\1.10.5\byte-buddy-1.10.5.jar;C:\Users\Tobias\.m2\repository\net\bytebuddy\byte-buddy-agent\1.10.5\byte-buddy-agent-1.10.5.jar;C:\Users\Tobias\.m2\repository\org\objenesis\objenesis\2.6\objenesis-2.6.jar
Launcher Type: SUN_STANDARD

[Global flags]
     intx CICompilerCount                          = 4                                         {product} {ergonomic}
     uint ConcGCThreads                            = 2                                         {product} {ergonomic}
     uint G1ConcRefinementThreads                  = 8                                         {product} {ergonomic}
   size_t G1HeapRegionSize                         = 1048576                                   {product} {ergonomic}
    uintx GCDrainStackTargetSize                   = 64                                        {product} {ergonomic}
   size_t InitialHeapSize                          = 268435456                                 {product} {ergonomic}
   size_t MarkStackSize                            = 4194304                                   {product} {ergonomic}
   size_t MaxHeapSize                              = 4282384384                                {product} {ergonomic}
   size_t MinHeapDeltaBytes                        = 1048576                                   {product} {ergonomic}
    uintx NonNMethodCodeHeapSize                   = 5835340                                {pd product} {ergonomic}
    uintx NonProfiledCodeHeapSize                  = 122911450                              {pd product} {ergonomic}
    uintx ProfiledCodeHeapSize                     = 122911450                              {pd product} {ergonomic}
    uintx ReservedCodeCacheSize                    = 251658240                              {pd product} {ergonomic}
     bool SegmentedCodeCache                       = true                                      {product} {ergonomic}
     bool UseCompressedClassPointers               = true                                 {lp64_product} {ergonomic}
     bool UseCompressedOops                        = true                                 {lp64_product} {ergonomic}
     bool UseG1GC                                  = true                                      {product} {ergonomic}
     bool UseLargePagesIndividualAllocation        = false                                  {pd product} {ergonomic}

Logging:
Log output configuration:
 #0: stdout all=warning uptime,level,tags
 #1: stderr all=off uptime,level,tags

Environment Variables:
JAVA_HOME=C:\Program Files\Java\jdk-11
PATH=C:\Python39\Scripts\;C:\Python39\;C:\Program Files\Broadcom\Broadcom 802.11 Network Adapter;C:\Python38\Scripts\;C:\Python38\;C:\WINDOWS\system32;C:\WINDOWS;C:\WINDOWS\System32\Wbem;C:\WINDOWS\System32\WindowsPowerShell\v1.0\;C:\WINDOWS\System32\OpenSSH\;C:\Program Files\Git\cmd;C:\WINDOWS\system32;C:\WINDOWS;C:\WINDOWS\System32\Wbem;C:\WINDOWS\System32\WindowsPowerShell\v1.0\;C:\WINDOWS\System32\OpenSSH\;C:\ProgramData\chocolatey\bin;C:\MinGW\bin;C:\poppler-20.12.1\Library\bin;C:\Program Files\wkhtmltopdf\bin;C:\Program Files\nodejs\;C:\Program Files\Java\jdk-11\bin;C:\Program Files\apache-maven-3.8.1\bin;C:\Program Files\Docker\Docker\resources\bin;C:\ProgramData\DockerDesktop\version-bin;C:\Program Files\Java\javafx-sdk-11.0.2\bin;C:\Windows\System32;C:\Users\Tobias\AppData\Roaming\npm;C:\Program Files\JetBrains\IntelliJ IDEA 2021.1.3\bin;
USERNAME=Tobias
OS=Windows_NT
PROCESSOR_IDENTIFIER=AMD64 Family 23 Model 1 Stepping 1, AuthenticAMD



---------------  S Y S T E M  ---------------

OS: Windows 10 , 64 bit Build 19041 (10.0.19041.1023)

CPU:total 8 (initial active 8) (8 cores per cpu, 2 threads per core) family 23 model 1 stepping 1, cmov, cx8, fxsr, mmx, sse, sse2, sse3, ssse3, sse4.1, sse4.2, popcnt, avx, avx2, aes, clmul, mmxext, 3dnowpref, lzcnt, sse4a, ht, tsc, tscinvbit, tscinv, bmi1, bmi2, adx, sha, fma

Memory: 4k page, system-wide physical 16334M (6109M free)
TotalPageFile size 32718M (AvailPageFile size 126M)
current process WorkingSet (physical memory assigned to process): 10M, peak: 10M
current process commit charge ("private bytes"): 60M, peak: 316M

vm_info: OpenJDK 64-Bit Server VM (11+28) for windows-amd64 JRE (11+28), built on Aug 23 2018 03:04:58 by "mach5one" with MS VC++ 15.5 (VS2017)

END.
